<tests>
	<test name="Initial test" status="pass"/>
	<test name="Last test" status="fail"/>
</tests>